<?xml version="1.0" encoding="UTF-8"?>
<testsuite xmlns:xsi="http://www.w3.org/2001/XMLSchema-instance" xsi:noNamespaceSchemaLocation="https://maven.apache.org/surefire/maven-surefire-plugin/xsd/surefire-test-report.xsd" name="meatpoc.demo.AppTest" time="0.013" tests="1" errors="0" skipped="0" failures="0">
  <properties>
    <property name="java.specification.version" value="14"/>
    <property name="sun.cpu.isalist" value="amd64"/>
    <property name="sun.jnu.encoding" value="Cp1252"/>
    <property name="java.class.path" value="D:\Users\jash7540\eclipse-workspace-6\demo\target\test-classes;D:\Users\jash7540\eclipse-workspace-6\demo\target\classes;D:\Users\jash7540\.m2\repository\junit\junit\4.11\junit-4.11.jar;D:\Users\jash7540\.m2\repository\org\hamcrest\hamcrest-core\1.3\hamcrest-core-1.3.jar;D:\Users\jash7540\.m2\repository\com\googlecode\json-simple\json-simple\1.1.1\json-simple-1.1.1.jar;D:\Users\jash7540\.m2\repository\com\amazonaws\aws-java-sdk-sns\1.11.810\aws-java-sdk-sns-1.11.810.jar;D:\Users\jash7540\.m2\repository\com\amazonaws\aws-java-sdk-sqs\1.11.810\aws-java-sdk-sqs-1.11.810.jar;D:\Users\jash7540\.m2\repository\com\amazonaws\aws-java-sdk-core\1.11.810\aws-java-sdk-core-1.11.810.jar;D:\Users\jash7540\.m2\repository\commons-logging\commons-logging\1.1.3\commons-logging-1.1.3.jar;D:\Users\jash7540\.m2\repository\org\apache\httpcomponents\httpclient\4.5.9\httpclient-4.5.9.jar;D:\Users\jash7540\.m2\repository\org\apache\httpcomponents\httpcore\4.4.11\httpcore-4.4.11.jar;D:\Users\jash7540\.m2\repository\commons-codec\commons-codec\1.11\commons-codec-1.11.jar;D:\Users\jash7540\.m2\repository\software\amazon\ion\ion-java\1.0.2\ion-java-1.0.2.jar;D:\Users\jash7540\.m2\repository\com\fasterxml\jackson\core\jackson-databind\2.6.7.3\jackson-databind-2.6.7.3.jar;D:\Users\jash7540\.m2\repository\com\fasterxml\jackson\core\jackson-annotations\2.6.0\jackson-annotations-2.6.0.jar;D:\Users\jash7540\.m2\repository\com\fasterxml\jackson\core\jackson-core\2.6.7\jackson-core-2.6.7.jar;D:\Users\jash7540\.m2\repository\com\fasterxml\jackson\dataformat\jackson-dataformat-cbor\2.6.7\jackson-dataformat-cbor-2.6.7.jar;D:\Users\jash7540\.m2\repository\joda-time\joda-time\2.8.1\joda-time-2.8.1.jar;D:\Users\jash7540\.m2\repository\com\amazonaws\jmespath-java\1.11.810\jmespath-java-1.11.810.jar;D:\Users\jash7540\.m2\repository\org\apache\maven\plugins\maven-jar-plugin\3.2.0\maven-jar-plugin-3.2.0.jar;D:\Users\jash7540\.m2\repository\org\apache\maven\maven-plugin-api\3.0\maven-plugin-api-3.0.jar;D:\Users\jash7540\.m2\repository\org\apache\maven\maven-model\3.0\maven-model-3.0.jar;D:\Users\jash7540\.m2\repository\org\sonatype\sisu\sisu-inject-plexus\1.4.2\sisu-inject-plexus-1.4.2.jar;D:\Users\jash7540\.m2\repository\org\sonatype\sisu\sisu-inject-bean\1.4.2\sisu-inject-bean-1.4.2.jar;D:\Users\jash7540\.m2\repository\org\sonatype\sisu\sisu-guice\2.1.7\sisu-guice-2.1.7-noaop.jar;D:\Users\jash7540\.m2\repository\org\apache\maven\maven-core\3.0\maven-core-3.0.jar;D:\Users\jash7540\.m2\repository\org\apache\maven\maven-settings\3.0\maven-settings-3.0.jar;D:\Users\jash7540\.m2\repository\org\apache\maven\maven-settings-builder\3.0\maven-settings-builder-3.0.jar;D:\Users\jash7540\.m2\repository\org\apache\maven\maven-repository-metadata\3.0\maven-repository-metadata-3.0.jar;D:\Users\jash7540\.m2\repository\org\apache\maven\maven-model-builder\3.0\maven-model-builder-3.0.jar;D:\Users\jash7540\.m2\repository\org\apache\maven\maven-aether-provider\3.0\maven-aether-provider-3.0.jar;D:\Users\jash7540\.m2\repository\org\sonatype\aether\aether-impl\1.7\aether-impl-1.7.jar;D:\Users\jash7540\.m2\repository\org\sonatype\aether\aether-spi\1.7\aether-spi-1.7.jar;D:\Users\jash7540\.m2\repository\org\sonatype\aether\aether-api\1.7\aether-api-1.7.jar;D:\Users\jash7540\.m2\repository\org\sonatype\aether\aether-util\1.7\aether-util-1.7.jar;D:\Users\jash7540\.m2\repository\org\codehaus\plexus\plexus-interpolation\1.14\plexus-interpolation-1.14.jar;D:\Users\jash7540\.m2\repository\org\codehaus\plexus\plexus-classworlds\2.2.3\plexus-classworlds-2.2.3.jar;D:\Users\jash7540\.m2\repository\org\codehaus\plexus\plexus-component-annotations\1.5.5\plexus-component-annotations-1.5.5.jar;D:\Users\jash7540\.m2\repository\org\sonatype\plexus\plexus-sec-dispatcher\1.3\plexus-sec-dispatcher-1.3.jar;D:\Users\jash7540\.m2\repository\org\sonatype\plexus\plexus-cipher\1.4\plexus-cipher-1.4.jar;D:\Users\jash7540\.m2\repository\org\apache\maven\maven-artifact\3.0\maven-artifact-3.0.jar;D:\Users\jash7540\.m2\repository\org\apache\maven\shared\file-management\3.0.0\file-management-3.0.0.jar;D:\Users\jash7540\.m2\repository\org\apache\maven\shared\maven-shared-io\3.0.0\maven-shared-io-3.0.0.jar;D:\Users\jash7540\.m2\repository\org\apache\maven\maven-compat\3.0\maven-compat-3.0.jar;D:\Users\jash7540\.m2\repository\org\apache\maven\wagon\wagon-provider-api\2.10\wagon-provider-api-2.10.jar;D:\Users\jash7540\.m2\repository\org\apache\maven\maven-archiver\3.5.0\maven-archiver-3.5.0.jar;D:\Users\jash7540\.m2\repository\commons-io\commons-io\2.5\commons-io-2.5.jar;D:\Users\jash7540\.m2\repository\org\apache\maven\shared\maven-shared-utils\3.2.1\maven-shared-utils-3.2.1.jar;D:\Users\jash7540\.m2\repository\org\codehaus\plexus\plexus-archiver\4.2.1\plexus-archiver-4.2.1.jar;D:\Users\jash7540\.m2\repository\org\codehaus\plexus\plexus-io\3.2.0\plexus-io-3.2.0.jar;D:\Users\jash7540\.m2\repository\org\apache\commons\commons-compress\1.19\commons-compress-1.19.jar;D:\Users\jash7540\.m2\repository\org\iq80\snappy\snappy\0.4\snappy-0.4.jar;D:\Users\jash7540\.m2\repository\org\tukaani\xz\1.8\xz-1.8.jar;D:\Users\jash7540\.m2\repository\org\codehaus\plexus\plexus-utils\3.3.0\plexus-utils-3.3.0.jar;"/>
    <property name="java.vm.vendor" value="Oracle Corporation"/>
    <property name="sun.arch.data.model" value="64"/>
    <property name="user.variant" value=""/>
    <property name="java.vendor.url" value="https://java.oracle.com/"/>
    <property name="user.timezone" value="Asia/Calcutta"/>
    <property name="os.name" value="Windows Server 2016"/>
    <property name="java.vm.specification.version" value="14"/>
    <property name="sun.java.launcher" value="SUN_STANDARD"/>
    <property name="user.country" value="US"/>
    <property name="sun.boot.library.path" value="D:\Java\jdk-14.0.1\bin"/>
    <property name="sun.java.command" value="D:\Users\jash7540\AppData\Local\Temp\7\surefire15584273563933644048\surefirebooter12207481918450708845.jar D:\Users\jash7540\AppData\Local\Temp\7\surefire15584273563933644048 2020-10-29T17-07-24_772-jvmRun1 surefire13574745411824596531tmp surefire_06552418714231548771tmp"/>
    <property name="jdk.debug" value="release"/>
    <property name="surefire.test.class.path" value="D:\Users\jash7540\eclipse-workspace-6\demo\target\test-classes;D:\Users\jash7540\eclipse-workspace-6\demo\target\classes;D:\Users\jash7540\.m2\repository\junit\junit\4.11\junit-4.11.jar;D:\Users\jash7540\.m2\repository\org\hamcrest\hamcrest-core\1.3\hamcrest-core-1.3.jar;D:\Users\jash7540\.m2\repository\com\googlecode\json-simple\json-simple\1.1.1\json-simple-1.1.1.jar;D:\Users\jash7540\.m2\repository\com\amazonaws\aws-java-sdk-sns\1.11.810\aws-java-sdk-sns-1.11.810.jar;D:\Users\jash7540\.m2\repository\com\amazonaws\aws-java-sdk-sqs\1.11.810\aws-java-sdk-sqs-1.11.810.jar;D:\Users\jash7540\.m2\repository\com\amazonaws\aws-java-sdk-core\1.11.810\aws-java-sdk-core-1.11.810.jar;D:\Users\jash7540\.m2\repository\commons-logging\commons-logging\1.1.3\commons-logging-1.1.3.jar;D:\Users\jash7540\.m2\repository\org\apache\httpcomponents\httpclient\4.5.9\httpclient-4.5.9.jar;D:\Users\jash7540\.m2\repository\org\apache\httpcomponents\httpcore\4.4.11\httpcore-4.4.11.jar;D:\Users\jash7540\.m2\repository\commons-codec\commons-codec\1.11\commons-codec-1.11.jar;D:\Users\jash7540\.m2\repository\software\amazon\ion\ion-java\1.0.2\ion-java-1.0.2.jar;D:\Users\jash7540\.m2\repository\com\fasterxml\jackson\core\jackson-databind\2.6.7.3\jackson-databind-2.6.7.3.jar;D:\Users\jash7540\.m2\repository\com\fasterxml\jackson\core\jackson-annotations\2.6.0\jackson-annotations-2.6.0.jar;D:\Users\jash7540\.m2\repository\com\fasterxml\jackson\core\jackson-core\2.6.7\jackson-core-2.6.7.jar;D:\Users\jash7540\.m2\repository\com\fasterxml\jackson\dataformat\jackson-dataformat-cbor\2.6.7\jackson-dataformat-cbor-2.6.7.jar;D:\Users\jash7540\.m2\repository\joda-time\joda-time\2.8.1\joda-time-2.8.1.jar;D:\Users\jash7540\.m2\repository\com\amazonaws\jmespath-java\1.11.810\jmespath-java-1.11.810.jar;D:\Users\jash7540\.m2\repository\org\apache\maven\plugins\maven-jar-plugin\3.2.0\maven-jar-plugin-3.2.0.jar;D:\Users\jash7540\.m2\repository\org\apache\maven\maven-plugin-api\3.0\maven-plugin-api-3.0.jar;D:\Users\jash7540\.m2\repository\org\apache\maven\maven-model\3.0\maven-model-3.0.jar;D:\Users\jash7540\.m2\repository\org\sonatype\sisu\sisu-inject-plexus\1.4.2\sisu-inject-plexus-1.4.2.jar;D:\Users\jash7540\.m2\repository\org\sonatype\sisu\sisu-inject-bean\1.4.2\sisu-inject-bean-1.4.2.jar;D:\Users\jash7540\.m2\repository\org\sonatype\sisu\sisu-guice\2.1.7\sisu-guice-2.1.7-noaop.jar;D:\Users\jash7540\.m2\repository\org\apache\maven\maven-core\3.0\maven-core-3.0.jar;D:\Users\jash7540\.m2\repository\org\apache\maven\maven-settings\3.0\maven-settings-3.0.jar;D:\Users\jash7540\.m2\repository\org\apache\maven\maven-settings-builder\3.0\maven-settings-builder-3.0.jar;D:\Users\jash7540\.m2\repository\org\apache\maven\maven-repository-metadata\3.0\maven-repository-metadata-3.0.jar;D:\Users\jash7540\.m2\repository\org\apache\maven\maven-model-builder\3.0\maven-model-builder-3.0.jar;D:\Users\jash7540\.m2\repository\org\apache\maven\maven-aether-provider\3.0\maven-aether-provider-3.0.jar;D:\Users\jash7540\.m2\repository\org\sonatype\aether\aether-impl\1.7\aether-impl-1.7.jar;D:\Users\jash7540\.m2\repository\org\sonatype\aether\aether-spi\1.7\aether-spi-1.7.jar;D:\Users\jash7540\.m2\repository\org\sonatype\aether\aether-api\1.7\aether-api-1.7.jar;D:\Users\jash7540\.m2\repository\org\sonatype\aether\aether-util\1.7\aether-util-1.7.jar;D:\Users\jash7540\.m2\repository\org\codehaus\plexus\plexus-interpolation\1.14\plexus-interpolation-1.14.jar;D:\Users\jash7540\.m2\repository\org\codehaus\plexus\plexus-classworlds\2.2.3\plexus-classworlds-2.2.3.jar;D:\Users\jash7540\.m2\repository\org\codehaus\plexus\plexus-component-annotations\1.5.5\plexus-component-annotations-1.5.5.jar;D:\Users\jash7540\.m2\repository\org\sonatype\plexus\plexus-sec-dispatcher\1.3\plexus-sec-dispatcher-1.3.jar;D:\Users\jash7540\.m2\repository\org\sonatype\plexus\plexus-cipher\1.4\plexus-cipher-1.4.jar;D:\Users\jash7540\.m2\repository\org\apache\maven\maven-artifact\3.0\maven-artifact-3.0.jar;D:\Users\jash7540\.m2\repository\org\apache\maven\shared\file-management\3.0.0\file-management-3.0.0.jar;D:\Users\jash7540\.m2\repository\org\apache\maven\shared\maven-shared-io\3.0.0\maven-shared-io-3.0.0.jar;D:\Users\jash7540\.m2\repository\org\apache\maven\maven-compat\3.0\maven-compat-3.0.jar;D:\Users\jash7540\.m2\repository\org\apache\maven\wagon\wagon-provider-api\2.10\wagon-provider-api-2.10.jar;D:\Users\jash7540\.m2\repository\org\apache\maven\maven-archiver\3.5.0\maven-archiver-3.5.0.jar;D:\Users\jash7540\.m2\repository\commons-io\commons-io\2.5\commons-io-2.5.jar;D:\Users\jash7540\.m2\repository\org\apache\maven\shared\maven-shared-utils\3.2.1\maven-shared-utils-3.2.1.jar;D:\Users\jash7540\.m2\repository\org\codehaus\plexus\plexus-archiver\4.2.1\plexus-archiver-4.2.1.jar;D:\Users\jash7540\.m2\repository\org\codehaus\plexus\plexus-io\3.2.0\plexus-io-3.2.0.jar;D:\Users\jash7540\.m2\repository\org\apache\commons\commons-compress\1.19\commons-compress-1.19.jar;D:\Users\jash7540\.m2\repository\org\iq80\snappy\snappy\0.4\snappy-0.4.jar;D:\Users\jash7540\.m2\repository\org\tukaani\xz\1.8\xz-1.8.jar;D:\Users\jash7540\.m2\repository\org\codehaus\plexus\plexus-utils\3.3.0\plexus-utils-3.3.0.jar;"/>
    <property name="sun.cpu.endian" value="little"/>
    <property name="user.home" value="D:\Users\jash7540"/>
    <property name="user.language" value="en"/>
    <property name="java.specification.vendor" value="Oracle Corporation"/>
    <property name="java.version.date" value="2020-04-14"/>
    <property name="java.home" value="D:\Java\jdk-14.0.1"/>
    <property name="file.separator" value="\"/>
    <property name="basedir" value="D:\Users\jash7540\eclipse-workspace-6\demo"/>
    <property name="java.vm.compressedOopsMode" value="32-bit"/>
    <property name="line.separator" value="&#10;"/>
    <property name="java.vm.specification.vendor" value="Oracle Corporation"/>
    <property name="java.specification.name" value="Java Platform API Specification"/>
    <property name="surefire.real.class.path" value="D:\Users\jash7540\AppData\Local\Temp\7\surefire15584273563933644048\surefirebooter12207481918450708845.jar"/>
    <property name="user.script" value=""/>
    <property name="sun.management.compiler" value="HotSpot 64-Bit Tiered Compilers"/>
    <property name="java.runtime.version" value="14.0.1+7"/>
    <property name="user.name" value="jash7540"/>
    <property name="path.separator" value=";"/>
    <property name="os.version" value="10.0"/>
    <property name="java.runtime.name" value="Java(TM) SE Runtime Environment"/>
    <property name="file.encoding" value="Cp1252"/>
    <property name="java.vm.name" value="Java HotSpot(TM) 64-Bit Server VM"/>
    <property name="localRepository" value="D:\Users\jash7540\.m2\repository"/>
    <property name="java.vendor.url.bug" value="https://bugreport.java.com/bugreport/"/>
    <property name="java.io.tmpdir" value="D:\Users\jash7540\AppData\Local\Temp\7\"/>
    <property name="java.version" value="14.0.1"/>
    <property name="user.dir" value="D:\Users\jash7540\eclipse-workspace-6\demo"/>
    <property name="os.arch" value="amd64"/>
    <property name="java.vm.specification.name" value="Java Virtual Machine Specification"/>
    <property name="sun.os.patch.level" value=""/>
    <property name="java.library.path" value="D:\Java\jdk-14.0.1\bin;C:\Windows\Sun\Java\bin;C:\Windows\system32;C:\Windows;D:/Java/jdk-14.0.1/bin/server;D:/Java/jdk-14.0.1/bin;D:\Java\jdk-14.0.1\bin;C:\Program Files (x86)\Common Files\Oracle\Java\javapath;C:\Windows\system32;C:\Windows;C:\Windows\System32\Wbem;C:\Windows\System32\WindowsPowerShell\v1.0\;C:\Program Files\Amazon\cfn-bootstrap\;C:\Program Files\PuTTY\;C:\ProgramData\chocolatey\bin;C:\Program Files\Microsoft VS Code\bin;C:\Program Files\TortoiseGit\bin;C:\Program Files\Amazon\AWSCLIV2\;C:\ProgramData\chocolatey\lib\maven\apache-maven-3.6.3\bin;C:\Program Files\Git\cmd;D:\Jenkins\sonar-runner-dist-2.4\sonar-runner-2.4\bin;D:\Jenkins\sonar-scanner-cli-4.3.0.2102-windows\sonar-scanner-4.3.0.2102-windows\bin;D:\PRIME - Future POC\Python\Scripts\;D:\Java\jdk-14.0.1\bin;D:\PRIME - Future POC\Python\;D:\Users\jash7540\AppData\Local\Microsoft\WindowsApps;C:\Python27\;D:\Users\jash7540\AppData\Local\GitHubDesktop\bin;D:\apache-maven-3.6.3\bin;C:\Python27\Scripts;D:\Users\jash7540\AppData\Roaming\npm;D:\apache-zookeeper-3.6.1\bin;C:\_apps\eclipse410\4.10\eclipse;;."/>
    <property name="java.vm.info" value="mixed mode, sharing"/>
    <property name="java.vendor" value="Oracle Corporation"/>
    <property name="java.vm.version" value="14.0.1+7"/>
    <property name="sun.io.unicode.encoding" value="UnicodeLittle"/>
    <property name="java.class.version" value="58.0"/>
  </properties>
  <testcase name="shouldAnswerWithTrue" classname="meatpoc.demo.AppTest" time="0.001"/>
</testsuite>